INFO:     Will watch for changes in these directories: ['/Users/kyle/Cursor/lifepath-planner/services/api-gateway']
INFO:     Uvicorn running on http://127.0.0.1:8000 (Press CTRL+C to quit)
INFO:     Started reloader process [62365] using WatchFiles
INFO:     Started server process [62368]
INFO:     Waiting for application startup.
INFO:     Application startup complete.
INFO:     127.0.0.1:58642 - "POST /upload-budget HTTP/1.1" 502 Bad Gateway
INFO:     127.0.0.1:58844 - "POST /upload-budget HTTP/1.1" 200 OK
INFO:     127.0.0.1:58844 - "GET /clarification-questions?budget_id=b4111804-debb-4e63-bdd0-12f182b96c36 HTTP/1.1" 502 Bad Gateway
INFO:     127.0.0.1:58844 - "GET /clarification-questions?budget_id=b4111804-debb-4e63-bdd0-12f182b96c36 HTTP/1.1" 502 Bad Gateway
INFO:     127.0.0.1:59181 - "GET /clarification-questions?budget_id=b4111804-debb-4e63-bdd0-12f182b96c36 HTTP/1.1" 200 OK
INFO:     127.0.0.1:59185 - "OPTIONS /submit-answers HTTP/1.1" 200 OK
INFO:     127.0.0.1:59185 - "POST /submit-answers HTTP/1.1" 200 OK
INFO:     127.0.0.1:59194 - "GET /summary-and-suggestions?budget_id=b4111804-debb-4e63-bdd0-12f182b96c36 HTTP/1.1" 502 Bad Gateway
INFO:     127.0.0.1:59194 - "GET /summary-and-suggestions?budget_id=b4111804-debb-4e63-bdd0-12f182b96c36 HTTP/1.1" 502 Bad Gateway
INFO:     127.0.0.1:59342 - "GET /summary-and-suggestions?budget_id=b4111804-debb-4e63-bdd0-12f182b96c36 HTTP/1.1" 200 OK
INFO:     127.0.0.1:59399 - "GET /summary-and-suggestions?budget_id=b4111804-debb-4e63-bdd0-12f182b96c36 HTTP/1.1" 200 OK
INFO:     Will watch for changes in these directories: ['/Users/kyle/Cursor/lifepath-planner/services/api-gateway']
INFO:     Uvicorn running on http://127.0.0.1:8000 (Press CTRL+C to quit)
INFO:     Started reloader process [41864] using WatchFiles
Process SpawnProcess-1:
Traceback (most recent call last):
  File "/Library/Frameworks/Python.framework/Versions/3.11/lib/python3.11/multiprocessing/process.py", line 314, in _bootstrap
    self.run()
  File "/Library/Frameworks/Python.framework/Versions/3.11/lib/python3.11/multiprocessing/process.py", line 108, in run
    self._target(*self._args, **self._kwargs)
  File "/Library/Frameworks/Python.framework/Versions/3.11/lib/python3.11/site-packages/uvicorn/_subprocess.py", line 80, in subprocess_started
    target(sockets=sockets)
  File "/Library/Frameworks/Python.framework/Versions/3.11/lib/python3.11/site-packages/uvicorn/server.py", line 65, in run
    return asyncio.run(self.serve(sockets=sockets))
           ^^^^^^^^^^^^^^^^^^^^^^^^^^^^^^^^^^^^^^^^
  File "/Library/Frameworks/Python.framework/Versions/3.11/lib/python3.11/asyncio/runners.py", line 190, in run
    return runner.run(main)
           ^^^^^^^^^^^^^^^^
  File "/Library/Frameworks/Python.framework/Versions/3.11/lib/python3.11/asyncio/runners.py", line 118, in run
    return self._loop.run_until_complete(task)
           ^^^^^^^^^^^^^^^^^^^^^^^^^^^^^^^^^^^
  File "uvloop/loop.pyx", line 1518, in uvloop.loop.Loop.run_until_complete
  File "/Library/Frameworks/Python.framework/Versions/3.11/lib/python3.11/site-packages/uvicorn/server.py", line 69, in serve
    await self._serve(sockets)
  File "/Library/Frameworks/Python.framework/Versions/3.11/lib/python3.11/site-packages/uvicorn/server.py", line 76, in _serve
    config.load()
  File "/Library/Frameworks/Python.framework/Versions/3.11/lib/python3.11/site-packages/uvicorn/config.py", line 434, in load
    self.loaded_app = import_from_string(self.app)
                      ^^^^^^^^^^^^^^^^^^^^^^^^^^^^
  File "/Library/Frameworks/Python.framework/Versions/3.11/lib/python3.11/site-packages/uvicorn/importer.py", line 19, in import_from_string
    module = importlib.import_module(module_str)
             ^^^^^^^^^^^^^^^^^^^^^^^^^^^^^^^^^^^
  File "/Library/Frameworks/Python.framework/Versions/3.11/lib/python3.11/importlib/__init__.py", line 126, in import_module
    return _bootstrap._gcd_import(name[level:], package, level)
           ^^^^^^^^^^^^^^^^^^^^^^^^^^^^^^^^^^^^^^^^^^^^^^^^^^^^
  File "<frozen importlib._bootstrap>", line 1206, in _gcd_import
  File "<frozen importlib._bootstrap>", line 1178, in _find_and_load
  File "<frozen importlib._bootstrap>", line 1149, in _find_and_load_unlocked
  File "<frozen importlib._bootstrap>", line 690, in _load_unlocked
  File "<frozen importlib._bootstrap_external>", line 936, in exec_module
  File "<frozen importlib._bootstrap_external>", line 1074, in get_code
  File "<frozen importlib._bootstrap_external>", line 1004, in source_to_code
  File "<frozen importlib._bootstrap>", line 241, in _call_with_frames_removed
  File "/Users/kyle/Cursor/lifepath-planner/services/api-gateway/src/main.py", line 102
    request: Request,
    ^^^^^^^^^^^^^^^^
SyntaxError: non-default argument follows default argument
WARNING:  WatchFiles detected changes in 'src/main.py'. Reloading...
Process SpawnProcess-2:
Traceback (most recent call last):
  File "/Library/Frameworks/Python.framework/Versions/3.11/lib/python3.11/multiprocessing/process.py", line 314, in _bootstrap
    self.run()
  File "/Library/Frameworks/Python.framework/Versions/3.11/lib/python3.11/multiprocessing/process.py", line 108, in run
    self._target(*self._args, **self._kwargs)
  File "/Library/Frameworks/Python.framework/Versions/3.11/lib/python3.11/site-packages/uvicorn/_subprocess.py", line 80, in subprocess_started
    target(sockets=sockets)
  File "/Library/Frameworks/Python.framework/Versions/3.11/lib/python3.11/site-packages/uvicorn/server.py", line 65, in run
    return asyncio.run(self.serve(sockets=sockets))
           ^^^^^^^^^^^^^^^^^^^^^^^^^^^^^^^^^^^^^^^^
  File "/Library/Frameworks/Python.framework/Versions/3.11/lib/python3.11/asyncio/runners.py", line 190, in run
    return runner.run(main)
           ^^^^^^^^^^^^^^^^
  File "/Library/Frameworks/Python.framework/Versions/3.11/lib/python3.11/asyncio/runners.py", line 118, in run
    return self._loop.run_until_complete(task)
           ^^^^^^^^^^^^^^^^^^^^^^^^^^^^^^^^^^^
  File "uvloop/loop.pyx", line 1518, in uvloop.loop.Loop.run_until_complete
  File "/Library/Frameworks/Python.framework/Versions/3.11/lib/python3.11/site-packages/uvicorn/server.py", line 69, in serve
    await self._serve(sockets)
  File "/Library/Frameworks/Python.framework/Versions/3.11/lib/python3.11/site-packages/uvicorn/server.py", line 76, in _serve
    config.load()
  File "/Library/Frameworks/Python.framework/Versions/3.11/lib/python3.11/site-packages/uvicorn/config.py", line 434, in load
    self.loaded_app = import_from_string(self.app)
                      ^^^^^^^^^^^^^^^^^^^^^^^^^^^^
  File "/Library/Frameworks/Python.framework/Versions/3.11/lib/python3.11/site-packages/uvicorn/importer.py", line 22, in import_from_string
    raise exc from None
  File "/Library/Frameworks/Python.framework/Versions/3.11/lib/python3.11/site-packages/uvicorn/importer.py", line 19, in import_from_string
    module = importlib.import_module(module_str)
             ^^^^^^^^^^^^^^^^^^^^^^^^^^^^^^^^^^^
  File "/Library/Frameworks/Python.framework/Versions/3.11/lib/python3.11/importlib/__init__.py", line 126, in import_module
    return _bootstrap._gcd_import(name[level:], package, level)
           ^^^^^^^^^^^^^^^^^^^^^^^^^^^^^^^^^^^^^^^^^^^^^^^^^^^^
  File "<frozen importlib._bootstrap>", line 1206, in _gcd_import
  File "<frozen importlib._bootstrap>", line 1178, in _find_and_load
  File "<frozen importlib._bootstrap>", line 1149, in _find_and_load_unlocked
  File "<frozen importlib._bootstrap>", line 690, in _load_unlocked
  File "<frozen importlib._bootstrap_external>", line 940, in exec_module
  File "<frozen importlib._bootstrap>", line 241, in _call_with_frames_removed
  File "/Users/kyle/Cursor/lifepath-planner/services/api-gateway/src/main.py", line 13, in <module>
    from persistence.database import get_session, init_db
ModuleNotFoundError: No module named 'persistence'
INFO:     Will watch for changes in these directories: ['/Users/kyle/Cursor/lifepath-planner/services/api-gateway']
INFO:     Uvicorn running on http://127.0.0.1:8000 (Press CTRL+C to quit)
INFO:     Started reloader process [43440] using WatchFiles
Process SpawnProcess-1:
Traceback (most recent call last):
  File "/Library/Frameworks/Python.framework/Versions/3.11/lib/python3.11/multiprocessing/process.py", line 314, in _bootstrap
    self.run()
  File "/Library/Frameworks/Python.framework/Versions/3.11/lib/python3.11/multiprocessing/process.py", line 108, in run
    self._target(*self._args, **self._kwargs)
  File "/Library/Frameworks/Python.framework/Versions/3.11/lib/python3.11/site-packages/uvicorn/_subprocess.py", line 80, in subprocess_started
    target(sockets=sockets)
  File "/Library/Frameworks/Python.framework/Versions/3.11/lib/python3.11/site-packages/uvicorn/server.py", line 65, in run
    return asyncio.run(self.serve(sockets=sockets))
           ^^^^^^^^^^^^^^^^^^^^^^^^^^^^^^^^^^^^^^^^
  File "/Library/Frameworks/Python.framework/Versions/3.11/lib/python3.11/asyncio/runners.py", line 190, in run
    return runner.run(main)
           ^^^^^^^^^^^^^^^^
  File "/Library/Frameworks/Python.framework/Versions/3.11/lib/python3.11/asyncio/runners.py", line 118, in run
    return self._loop.run_until_complete(task)
           ^^^^^^^^^^^^^^^^^^^^^^^^^^^^^^^^^^^
  File "uvloop/loop.pyx", line 1518, in uvloop.loop.Loop.run_until_complete
  File "/Library/Frameworks/Python.framework/Versions/3.11/lib/python3.11/site-packages/uvicorn/server.py", line 69, in serve
    await self._serve(sockets)
  File "/Library/Frameworks/Python.framework/Versions/3.11/lib/python3.11/site-packages/uvicorn/server.py", line 76, in _serve
    config.load()
  File "/Library/Frameworks/Python.framework/Versions/3.11/lib/python3.11/site-packages/uvicorn/config.py", line 434, in load
    self.loaded_app = import_from_string(self.app)
                      ^^^^^^^^^^^^^^^^^^^^^^^^^^^^
  File "/Library/Frameworks/Python.framework/Versions/3.11/lib/python3.11/site-packages/uvicorn/importer.py", line 22, in import_from_string
    raise exc from None
  File "/Library/Frameworks/Python.framework/Versions/3.11/lib/python3.11/site-packages/uvicorn/importer.py", line 19, in import_from_string
    module = importlib.import_module(module_str)
             ^^^^^^^^^^^^^^^^^^^^^^^^^^^^^^^^^^^
  File "/Library/Frameworks/Python.framework/Versions/3.11/lib/python3.11/importlib/__init__.py", line 126, in import_module
    return _bootstrap._gcd_import(name[level:], package, level)
           ^^^^^^^^^^^^^^^^^^^^^^^^^^^^^^^^^^^^^^^^^^^^^^^^^^^^
  File "<frozen importlib._bootstrap>", line 1206, in _gcd_import
  File "<frozen importlib._bootstrap>", line 1178, in _find_and_load
  File "<frozen importlib._bootstrap>", line 1149, in _find_and_load_unlocked
  File "<frozen importlib._bootstrap>", line 690, in _load_unlocked
  File "<frozen importlib._bootstrap_external>", line 940, in exec_module
  File "<frozen importlib._bootstrap>", line 241, in _call_with_frames_removed
  File "/Users/kyle/Cursor/lifepath-planner/services/api-gateway/src/main.py", line 13, in <module>
    from persistence.database import get_session, init_db
ModuleNotFoundError: No module named 'persistence'
INFO:     Will watch for changes in these directories: ['/Users/kyle/Cursor/lifepath-planner/services/api-gateway']
ERROR:    [Errno 48] Address already in use
INFO:     Will watch for changes in these directories: ['/Users/kyle/Cursor/lifepath-planner/services/api-gateway']
INFO:     Uvicorn running on http://127.0.0.1:8000 (Press CTRL+C to quit)
INFO:     Started reloader process [47468] using WatchFiles
INFO:     Started server process [47477]
INFO:     Waiting for application startup.
INFO:     Application startup complete.
INFO:     127.0.0.1:49290 - "GET /health HTTP/1.1" 200 OK
Request to http://localhost:8001/ingest failed: All connection attempts failed
INFO:     127.0.0.1:49296 - "POST /upload-budget HTTP/1.1" 502 Bad Gateway
INFO:     127.0.0.1:49400 - "POST /upload-budget HTTP/1.1" 200 OK
INFO:     127.0.0.1:49410 - "GET /clarification-questions?budget_id=cd6e8088-7818-4747-9346-f955da6144ea HTTP/1.1" 200 OK
INFO:     127.0.0.1:49422 - "POST /submit-answers HTTP/1.1" 200 OK
INFO:     127.0.0.1:49429 - "GET /summary-and-suggestions?budget_id=cd6e8088-7818-4747-9346-f955da6144ea HTTP/1.1" 200 OK
INFO:     127.0.0.1:49633 - "POST /upload-budget HTTP/1.1" 200 OK
INFO:     127.0.0.1:49650 - "GET /clarification-questions?budget_id=3c2d28a3-775d-4f27-bb60-6a3da902a701 HTTP/1.1" 200 OK
INFO:     127.0.0.1:49653 - "GET /clarification-questions?budget_id=3c2d28a3-775d-4f27-bb60-6a3da902a701 HTTP/1.1" 200 OK
INFO:     127.0.0.1:49657 - "GET /clarification-questions?budget_id=3c2d28a3-775d-4f27-bb60-6a3da902a701 HTTP/1.1" 200 OK
WARNING:  WatchFiles detected changes in 'src/main.py'. Reloading...
INFO:     Shutting down
INFO:     Waiting for application shutdown.
INFO:     Application shutdown complete.
INFO:     Finished server process [47477]
INFO:     Started server process [50973]
INFO:     Waiting for application startup.
INFO:     Application startup complete.
